[2023-02-14T17:12:33.842713+03:00] blog.ERROR: User already exists: user123 {"exception":"[object] (Starscy\\Project\\models\\Exceptions\\CommandException(code: 0): User already exists: user123 at /home/starscy/Документы/PHP/Geekbrains/php-pro/project/src/models/Commands/CreateUserCommand.php:33)"} []
[2023-02-14T17:16:08.547235+03:00] blog.ERROR: User already exists: user123 {"exception":"[object] (Starscy\\Project\\models\\Exceptions\\CommandException(code: 0): User already exists: user123 at /home/starscy/Документы/PHP/Geekbrains/php-pro/project/src/models/Commands/CreateUserCommand.php:33)"} []
[2023-02-14T17:20:21.326935+03:00] blog.ERROR: User already exists: user123 {"exception":"[object] (Starscy\\Project\\models\\Exceptions\\CommandException(code: 0): User already exists: user123 at /home/starscy/Документы/PHP/Geekbrains/php-pro/project/src/models/Commands/CreateUserCommand.php:34)"} []
[2023-02-14T17:37:35.874180+03:00] blog.ERROR: SQLSTATE[23000]: Integrity constraint violation: 19 UNIQUE constraint failed: users.username {"exception":"[object] (PDOException(code: 23000): SQLSTATE[23000]: Integrity constraint violation: 19 UNIQUE constraint failed: users.username at /home/starscy/Документы/PHP/Geekbrains/php-pro/project/src/models/Repositories/User/SqliteUserRepository.php:33)"} []
[2023-02-14T18:47:13.634026+03:00] blog.ERROR: SQLSTATE[HY000]: General error: 1 no such table: users {"exception":"[object] (PDOException(code: HY000): SQLSTATE[HY000]: General error: 1 no such table: users at /home/starscy/Документы/PHP/Geekbrains/php-pro/project/src/models/Repositories/User/SqliteUserRepository.php:41)"} []
[2023-02-14T18:47:36.246229+03:00] blog.ERROR: SQLSTATE[HY000]: General error: 1 no such table: users {"exception":"[object] (PDOException(code: HY000): SQLSTATE[HY000]: General error: 1 no such table: users at /home/starscy/Документы/PHP/Geekbrains/php-pro/project/src/models/Repositories/User/SqliteUserRepository.php:41)"} []
[2023-02-14T18:47:38.831828+03:00] blog.ERROR: SQLSTATE[HY000]: General error: 1 no such table: users {"exception":"[object] (PDOException(code: HY000): SQLSTATE[HY000]: General error: 1 no such table: users at /home/starscy/Документы/PHP/Geekbrains/php-pro/project/src/models/Repositories/User/SqliteUserRepository.php:41)"} []
[2023-02-14T18:47:39.507543+03:00] blog.ERROR: SQLSTATE[HY000]: General error: 1 no such table: users {"exception":"[object] (PDOException(code: HY000): SQLSTATE[HY000]: General error: 1 no such table: users at /home/starscy/Документы/PHP/Geekbrains/php-pro/project/src/models/Repositories/User/SqliteUserRepository.php:41)"} []
[2023-02-14T18:47:51.772415+03:00] blog.ERROR: SQLSTATE[HY000]: General error: 1 no such table: users {"exception":"[object] (PDOException(code: HY000): SQLSTATE[HY000]: General error: 1 no such table: users at /home/starscy/Документы/PHP/Geekbrains/php-pro/project/src/models/Repositories/User/SqliteUserRepository.php:41)"} []
[2023-02-14T18:47:56.713961+03:00] blog.ERROR: SQLSTATE[HY000]: General error: 1 no such table: users {"exception":"[object] (PDOException(code: HY000): SQLSTATE[HY000]: General error: 1 no such table: users at /home/starscy/Документы/PHP/Geekbrains/php-pro/project/src/models/Repositories/User/SqliteUserRepository.php:41)"} []
[2023-02-14T18:48:23.388518+03:00] blog.ERROR: SQLSTATE[HY000]: General error: 1 no such table: users {"exception":"[object] (PDOException(code: HY000): SQLSTATE[HY000]: General error: 1 no such table: users at /home/starscy/Документы/PHP/Geekbrains/php-pro/project/src/models/Repositories/User/SqliteUserRepository.php:41)"} []
[2023-02-14T19:51:15.538671+03:00] blog.ERROR: No such field: user_uuid {"exception":"[object] (Starscy\\Project\\Http\\Auth\\AuthException(code: 0): No such field: user_uuid at /home/starscy/Документы/PHP/Geekbrains/php-pro/project/src/Http/Auth/JsonBodyUuidIdentification.php:33)"} []
[2023-02-14T21:53:13.242259+03:00] blog.ERROR: No such field: user_uuid {"exception":"[object] (Starscy\\Project\\Http\\Auth\\AuthException(code: 0): No such field: user_uuid at /home/starscy/Документы/PHP/Geekbrains/php-pro/project/src/Http/Auth/JsonBodyUuidIdentification.php:33)"} []
[2023-02-14T21:54:04.526547+03:00] blog.ERROR: SQLSTATE[HY000]: General error: 1 no such table: users {"exception":"[object] (PDOException(code: HY000): SQLSTATE[HY000]: General error: 1 no such table: users at /home/starscy/Документы/PHP/Geekbrains/php-pro/project/src/models/Repositories/User/SqliteUserRepository.php:41)"} []
[2023-02-14T22:01:11.850098+03:00] blog.ERROR: SQLSTATE[HY000]: General error: 1 no such table: users {"exception":"[object] (PDOException(code: HY000): SQLSTATE[HY000]: General error: 1 no such table: users at /home/starscy/Документы/PHP/Geekbrains/php-pro/project/src/models/Repositories/User/SqliteUserRepository.php:41)"} []
[2023-02-14T22:05:46.606536+03:00] blog.ERROR: SQLSTATE[HY000]: General error: 1 no such table: users {"exception":"[object] (PDOException(code: HY000): SQLSTATE[HY000]: General error: 1 no such table: users at /home/starscy/Документы/PHP/Geekbrains/php-pro/project/src/models/Repositories/User/SqliteUserRepository.php:41)"} []
[2023-02-14T22:06:42.051114+03:00] blog.ERROR: SQLSTATE[HY000]: General error: 1 no such table: users {"exception":"[object] (PDOException(code: HY000): SQLSTATE[HY000]: General error: 1 no such table: users at /home/starscy/Документы/PHP/Geekbrains/php-pro/project/src/models/Repositories/User/SqliteUserRepository.php:41)"} []
[2023-02-14T22:08:07.141898+03:00] blog.ERROR: SQLSTATE[HY000]: General error: 1 no such table: users {"exception":"[object] (PDOException(code: HY000): SQLSTATE[HY000]: General error: 1 no such table: users at /home/starscy/Документы/PHP/Geekbrains/php-pro/project/src/models/Repositories/User/SqliteUserRepository.php:22)"} []
[2023-02-14T22:08:09.121114+03:00] blog.ERROR: SQLSTATE[HY000]: General error: 1 no such table: users {"exception":"[object] (PDOException(code: HY000): SQLSTATE[HY000]: General error: 1 no such table: users at /home/starscy/Документы/PHP/Geekbrains/php-pro/project/src/models/Repositories/User/SqliteUserRepository.php:22)"} []
[2023-02-14T22:08:09.997674+03:00] blog.ERROR: SQLSTATE[HY000]: General error: 1 no such table: users {"exception":"[object] (PDOException(code: HY000): SQLSTATE[HY000]: General error: 1 no such table: users at /home/starscy/Документы/PHP/Geekbrains/php-pro/project/src/models/Repositories/User/SqliteUserRepository.php:22)"} []
[2023-02-14T22:08:10.548137+03:00] blog.ERROR: SQLSTATE[HY000]: General error: 1 no such table: users {"exception":"[object] (PDOException(code: HY000): SQLSTATE[HY000]: General error: 1 no such table: users at /home/starscy/Документы/PHP/Geekbrains/php-pro/project/src/models/Repositories/User/SqliteUserRepository.php:22)"} []
[2023-02-14T22:08:11.012888+03:00] blog.ERROR: SQLSTATE[HY000]: General error: 1 no such table: users {"exception":"[object] (PDOException(code: HY000): SQLSTATE[HY000]: General error: 1 no such table: users at /home/starscy/Документы/PHP/Geekbrains/php-pro/project/src/models/Repositories/User/SqliteUserRepository.php:22)"} []
[2023-02-14T22:08:11.459945+03:00] blog.ERROR: SQLSTATE[HY000]: General error: 1 no such table: users {"exception":"[object] (PDOException(code: HY000): SQLSTATE[HY000]: General error: 1 no such table: users at /home/starscy/Документы/PHP/Geekbrains/php-pro/project/src/models/Repositories/User/SqliteUserRepository.php:22)"} []
[2023-02-14T22:08:11.877923+03:00] blog.ERROR: SQLSTATE[HY000]: General error: 1 no such table: users {"exception":"[object] (PDOException(code: HY000): SQLSTATE[HY000]: General error: 1 no such table: users at /home/starscy/Документы/PHP/Geekbrains/php-pro/project/src/models/Repositories/User/SqliteUserRepository.php:22)"} []
[2023-02-14T22:29:21.826759+03:00] blog.ERROR: No such query param in the request: username {"exception":"[object] (Starscy\\Project\\models\\Exceptions\\HttpException(code: 0): No such query param in the request: username at /home/starscy/Документы/PHP/Geekbrains/php-pro/project/src/Http/Request.php:128)"} []
[2023-02-14T22:30:00.152525+03:00] blog.ERROR: SQLSTATE[HY000]: General error: 1 no such table: users {"exception":"[object] (PDOException(code: HY000): SQLSTATE[HY000]: General error: 1 no such table: users at /home/starscy/Документы/PHP/Geekbrains/php-pro/project/src/models/Repositories/User/SqliteUserRepository.php:65)"} []
[2023-02-14T22:33:52.504075+03:00] blog.ERROR: SQLSTATE[HY000]: General error: 1 no such table: users {"exception":"[object] (PDOException(code: HY000): SQLSTATE[HY000]: General error: 1 no such table: users at /home/starscy/Документы/PHP/Geekbrains/php-pro/project/src/models/Repositories/User/SqliteUserRepository.php:65)"} []
[2023-02-14T22:36:28.873569+03:00] blog.ERROR: No such query param in the request: username {"exception":"[object] (Starscy\\Project\\models\\Exceptions\\HttpException(code: 0): No such query param in the request: username at /home/starscy/Документы/PHP/Geekbrains/php-pro/project/src/Http/Request.php:128)"} []
[2023-02-14T22:36:36.695076+03:00] blog.ERROR: No such query param in the request: username {"exception":"[object] (Starscy\\Project\\models\\Exceptions\\HttpException(code: 0): No such query param in the request: username at /home/starscy/Документы/PHP/Geekbrains/php-pro/project/src/Http/Request.php:128)"} []
[2023-02-14T22:39:29.914242+03:00] blog.ERROR: user with id 8b1e3d16-023d-41d5-b9e6-87c3b89278d1 not found {"exception":"[object] (Starscy\\Project\\Http\\Auth\\AuthException(code: 0): user with id 8b1e3d16-023d-41d5-b9e6-87c3b89278d1 not found at /home/starscy/Документы/PHP/Geekbrains/php-pro/project/src/Http/Auth/JsonBodyUuidIdentification.php:45)"} []
[2023-02-15T09:20:52.590257+03:00] blog.ERROR: Syntax error {"exception":"[object] (JsonException(code: 4): Syntax error at /home/starscy/Документы/PHP/Geekbrains/php-pro/project/src/Http/Request.php:57)"} []
[2023-02-15T09:21:19.014409+03:00] blog.ERROR: Syntax error {"exception":"[object] (JsonException(code: 4): Syntax error at /home/starscy/Документы/PHP/Geekbrains/php-pro/project/src/Http/Request.php:57)"} []
[2023-02-15T09:21:21.276561+03:00] blog.ERROR: Syntax error {"exception":"[object] (JsonException(code: 4): Syntax error at /home/starscy/Документы/PHP/Geekbrains/php-pro/project/src/Http/Request.php:57)"} []
[2023-02-15T09:22:45.283995+03:00] blog.ERROR: Syntax error {"exception":"[object] (JsonException(code: 4): Syntax error at /home/starscy/Документы/PHP/Geekbrains/php-pro/project/src/Http/Request.php:57)"} []
[2023-02-15T09:22:55.798533+03:00] blog.ERROR: Malformed UUID:8b1e3d16-023d-41d5-b9e6-87c3b89278d {"exception":"[object] (Starscy\\Project\\Http\\Auth\\AuthException(code: 0): Malformed UUID:8b1e3d16-023d-41d5-b9e6-87c3b89278d at /home/starscy/Документы/PHP/Geekbrains/php-pro/project/src/Http/Auth/JsonBodyUuidIdentification.php:34)"} []
[2023-02-15T09:22:59.196139+03:00] blog.ERROR: Malformed UUID:8b1e3d16-023d-41d5-b9e6-87c3b89278d {"exception":"[object] (Starscy\\Project\\Http\\Auth\\AuthException(code: 0): Malformed UUID:8b1e3d16-023d-41d5-b9e6-87c3b89278d at /home/starscy/Документы/PHP/Geekbrains/php-pro/project/src/Http/Auth/JsonBodyUuidIdentification.php:34)"} []
[2023-02-15T14:47:53.979670+03:00] blog.ERROR: No such argument: last_name {"exception":"[object] (Starscy\\Project\\models\\Exceptions\\ArgumentException(code: 0): No such argument: last_name at /home/starscy/Документы/PHP/Geekbrains/php-pro/project/src/models/Commands/Arguments.php:38)"} []
[2023-02-15T14:48:22.602006+03:00] blog.ERROR: No such argument: last_name {"exception":"[object] (Starscy\\Project\\models\\Exceptions\\ArgumentException(code: 0): No such argument: last_name at /home/starscy/Документы/PHP/Geekbrains/php-pro/project/src/models/Commands/Arguments.php:38)"} []
[2023-02-15T14:48:56.470125+03:00] blog.ERROR: No such argument: last_name {"exception":"[object] (Starscy\\Project\\models\\Exceptions\\ArgumentException(code: 0): No such argument: last_name at /home/starscy/Документы/PHP/Geekbrains/php-pro/project/src/models/Commands/Arguments.php:38)"} []
[2023-02-17T13:01:56.869533+03:00] blog.ERROR: No such argument: second_name {"exception":"[object] (Starscy\\Project\\models\\Exceptions\\ArgumentException(code: 0): No such argument: second_name at /home/starscy/Документы/PHP/Geekbrains/php-pro/project/src/models/Commands/Arguments.php:38)"} []
[2023-02-17T16:01:11.552872+03:00] blog.ERROR: Cannot find user: Bot12  {"exception":"[object] (Starscy\\Project\\models\\Exceptions\\UserNotFoundException(code: 0): Cannot find user: Bot12  at /home/starscy/Документы/PHP/Geekbrains/php-pro/project/src/models/Repositories/User/SqliteUserRepository.php:78)"} []
[2023-02-18T11:46:55.730876+03:00] blog.ERROR: Syntax error {"exception":"[object] (JsonException(code: 4): Syntax error at /home/starscy/Документы/PHP/Geekbrains/php-pro/project/src/Http/Request.php:57)"} []
[2023-02-18T14:25:42.800523+03:00] blog.ERROR: Syntax error {"exception":"[object] (JsonException(code: 4): Syntax error at /home/starscy/Документы/PHP/Geekbrains/php-pro/project/src/Http/Request.php:57)"} []
[2023-02-18T14:25:59.567513+03:00] blog.ERROR: Syntax error {"exception":"[object] (JsonException(code: 4): Syntax error at /home/starscy/Документы/PHP/Geekbrains/php-pro/project/src/Http/Request.php:57)"} []
[2023-02-18T14:27:58.775250+03:00] blog.ERROR: Syntax error {"exception":"[object] (JsonException(code: 4): Syntax error at /home/starscy/Документы/PHP/Geekbrains/php-pro/project/src/Http/Request.php:57)"} []
[2023-02-18T14:28:21.554767+03:00] blog.ERROR: Syntax error {"exception":"[object] (JsonException(code: 4): Syntax error at /home/starscy/Документы/PHP/Geekbrains/php-pro/project/src/Http/Request.php:57)"} []
[2023-02-18T14:32:34.897304+03:00] blog.ERROR: Syntax error {"exception":"[object] (JsonException(code: 4): Syntax error at /home/starscy/Документы/PHP/Geekbrains/php-pro/project/src/Http/Request.php:57)"} []
[2023-02-18T14:33:13.594695+03:00] blog.ERROR: Syntax error {"exception":"[object] (JsonException(code: 4): Syntax error at /home/starscy/Документы/PHP/Geekbrains/php-pro/project/src/Http/Request.php:57)"} []
[2023-02-18T14:38:37.744899+03:00] blog.ERROR: Syntax error {"exception":"[object] (JsonException(code: 4): Syntax error at /home/starscy/Документы/PHP/Geekbrains/php-pro/project/src/Http/Request.php:57)"} []
[2023-02-18T14:43:54.223104+03:00] blog.ERROR: Syntax error {"exception":"[object] (JsonException(code: 4): Syntax error at /home/starscy/Документы/PHP/Geekbrains/php-pro/project/src/Http/Request.php:57)"} []
[2023-02-18T14:44:09.656372+03:00] blog.ERROR: Syntax error {"exception":"[object] (JsonException(code: 4): Syntax error at /home/starscy/Документы/PHP/Geekbrains/php-pro/project/src/Http/Request.php:57)"} []
[2023-02-18T14:44:33.218125+03:00] blog.ERROR: Syntax error {"exception":"[object] (JsonException(code: 4): Syntax error at /home/starscy/Документы/PHP/Geekbrains/php-pro/project/src/Http/Request.php:57)"} []
[2023-02-18T14:45:11.425638+03:00] blog.ERROR: Syntax error {"exception":"[object] (JsonException(code: 4): Syntax error at /home/starscy/Документы/PHP/Geekbrains/php-pro/project/src/Http/Request.php:57)"} []
[2023-02-18T14:48:02.953256+03:00] blog.ERROR: Syntax error {"exception":"[object] (JsonException(code: 4): Syntax error at /home/starscy/Документы/PHP/Geekbrains/php-pro/project/src/Http/Request.php:57)"} []
[2023-02-18T14:48:44.717474+03:00] blog.ERROR: Syntax error {"exception":"[object] (JsonException(code: 4): Syntax error at /home/starscy/Документы/PHP/Geekbrains/php-pro/project/src/Http/Request.php:57)"} []
[2023-02-18T14:49:08.084042+03:00] blog.ERROR: Syntax error {"exception":"[object] (JsonException(code: 4): Syntax error at /home/starscy/Документы/PHP/Geekbrains/php-pro/project/src/Http/Request.php:57)"} []
[2023-02-18T14:49:16.811398+03:00] blog.ERROR: Syntax error {"exception":"[object] (JsonException(code: 4): Syntax error at /home/starscy/Документы/PHP/Geekbrains/php-pro/project/src/Http/Request.php:57)"} []
[2023-02-18T14:52:50.218942+03:00] blog.ERROR: Syntax error {"exception":"[object] (JsonException(code: 4): Syntax error at /home/starscy/Документы/PHP/Geekbrains/php-pro/project/src/Http/Request.php:57)"} []
[2023-02-18T14:55:15.089387+03:00] blog.ERROR: Syntax error {"exception":"[object] (JsonException(code: 4): Syntax error at /home/starscy/Документы/PHP/Geekbrains/php-pro/project/src/Http/Request.php:57)"} []
[2023-02-18T14:56:06.490068+03:00] blog.ERROR: Syntax error {"exception":"[object] (JsonException(code: 4): Syntax error at /home/starscy/Документы/PHP/Geekbrains/php-pro/project/src/Http/Request.php:57)"} []
[2023-02-18T14:58:11.576498+03:00] blog.ERROR: Syntax error {"exception":"[object] (JsonException(code: 4): Syntax error at /home/starscy/Документы/PHP/Geekbrains/php-pro/project/src/Http/Request.php:57)"} []
[2023-02-18T15:47:23.110128+03:00] blog.ERROR: Syntax error {"exception":"[object] (JsonException(code: 4): Syntax error at /home/starscy/Документы/PHP/Geekbrains/php-pro/project/src/Http/Request.php:57)"} []
[2023-02-18T15:47:42.361825+03:00] blog.ERROR: Syntax error {"exception":"[object] (JsonException(code: 4): Syntax error at /home/starscy/Документы/PHP/Geekbrains/php-pro/project/src/Http/Request.php:57)"} []
[2023-02-18T16:02:37.836587+03:00] blog.ERROR: Syntax error {"exception":"[object] (JsonException(code: 4): Syntax error at /home/starscy/Документы/PHP/Geekbrains/php-pro/project/src/Http/Request.php:57)"} []
[2023-02-18T16:03:54.835985+03:00] blog.ERROR: Syntax error {"exception":"[object] (JsonException(code: 4): Syntax error at /home/starscy/Документы/PHP/Geekbrains/php-pro/project/src/Http/Request.php:57)"} []
[2023-02-18T16:12:18.140298+03:00] blog.ERROR: Syntax error {"exception":"[object] (JsonException(code: 4): Syntax error at /home/starscy/Документы/PHP/Geekbrains/php-pro/project/src/Http/Request.php:57)"} []
[2023-02-18T16:21:36.471087+03:00] blog.ERROR: Syntax error {"exception":"[object] (JsonException(code: 4): Syntax error at /home/starscy/Документы/PHP/Geekbrains/php-pro/project/src/Http/Request.php:57)"} []
[2023-02-18T16:22:33.401996+03:00] blog.ERROR: Syntax error {"exception":"[object] (JsonException(code: 4): Syntax error at /home/starscy/Документы/PHP/Geekbrains/php-pro/project/src/Http/Request.php:57)"} []
[2023-02-18T16:22:57.556296+03:00] blog.ERROR: Syntax error {"exception":"[object] (JsonException(code: 4): Syntax error at /home/starscy/Документы/PHP/Geekbrains/php-pro/project/src/Http/Request.php:57)"} []
[2023-02-18T16:30:05.247651+03:00] blog.ERROR: Syntax error {"exception":"[object] (JsonException(code: 4): Syntax error at /home/starscy/Документы/PHP/Geekbrains/php-pro/project/src/Http/Request.php:57)"} []
[2023-02-18T16:30:48.108924+03:00] blog.ERROR: Syntax error {"exception":"[object] (JsonException(code: 4): Syntax error at /home/starscy/Документы/PHP/Geekbrains/php-pro/project/src/Http/Request.php:57)"} []
[2023-02-18T16:32:12.455083+03:00] blog.ERROR: Syntax error {"exception":"[object] (JsonException(code: 4): Syntax error at /home/starscy/Документы/PHP/Geekbrains/php-pro/project/src/Http/Request.php:57)"} []
[2023-02-18T16:32:48.217174+03:00] blog.ERROR: Syntax error {"exception":"[object] (JsonException(code: 4): Syntax error at /home/starscy/Документы/PHP/Geekbrains/php-pro/project/src/Http/Request.php:57)"} []
[2023-02-18T18:52:27.219002+03:00] blog.ERROR: Syntax error {"exception":"[object] (JsonException(code: 4): Syntax error at /home/starscy/Документы/PHP/Geekbrains/php-pro/project/src/Http/Request.php:57)"} []
[2023-02-18T18:53:08.531121+03:00] blog.ERROR: Syntax error {"exception":"[object] (JsonException(code: 4): Syntax error at /home/starscy/Документы/PHP/Geekbrains/php-pro/project/src/Http/Request.php:57)"} []
[2023-02-18T18:59:44.613392+03:00] blog.ERROR: Syntax error {"exception":"[object] (JsonException(code: 4): Syntax error at /home/starscy/Документы/PHP/Geekbrains/php-pro/project/src/Http/Request.php:57)"} []
[2023-02-18T19:01:03.899585+03:00] blog.ERROR: Syntax error {"exception":"[object] (JsonException(code: 4): Syntax error at /home/starscy/Документы/PHP/Geekbrains/php-pro/project/src/Http/Request.php:57)"} []
[2023-02-18T20:34:43.938605+03:00] blog.ERROR: Syntax error {"exception":"[object] (JsonException(code: 4): Syntax error at /home/starscy/Документы/PHP/Geekbrains/php-pro/project/src/Http/Request.php:57)"} []
[2023-02-18T20:35:12.083703+03:00] blog.ERROR: Syntax error {"exception":"[object] (JsonException(code: 4): Syntax error at /home/starscy/Документы/PHP/Geekbrains/php-pro/project/src/Http/Request.php:57)"} []
[2023-02-18T20:41:41.198518+03:00] blog.ERROR: Syntax error {"exception":"[object] (JsonException(code: 4): Syntax error at /home/starscy/Документы/PHP/Geekbrains/php-pro/project/src/Http/Request.php:57)"} []
[2023-02-18T20:42:19.584710+03:00] blog.ERROR: Syntax error {"exception":"[object] (JsonException(code: 4): Syntax error at /home/starscy/Документы/PHP/Geekbrains/php-pro/project/src/Http/Request.php:57)"} []
[2023-02-18T20:42:30.496564+03:00] blog.ERROR: Syntax error {"exception":"[object] (JsonException(code: 4): Syntax error at /home/starscy/Документы/PHP/Geekbrains/php-pro/project/src/Http/Request.php:57)"} []
[2023-02-18T20:42:41.687879+03:00] blog.ERROR: Syntax error {"exception":"[object] (JsonException(code: 4): Syntax error at /home/starscy/Документы/PHP/Geekbrains/php-pro/project/src/Http/Request.php:57)"} []
[2023-02-20T11:03:07.301024+03:00] blog.ERROR: Syntax error {"exception":"[object] (JsonException(code: 4): Syntax error at /home/starscy/Документы/PHP/Geekbrains/php-pro/project/src/Http/Request.php:57)"} []
[2023-02-20T11:04:18.554163+03:00] blog.ERROR: Syntax error {"exception":"[object] (JsonException(code: 4): Syntax error at /home/starscy/Документы/PHP/Geekbrains/php-pro/project/src/Http/Request.php:57)"} []
[2023-02-20T11:04:23.793363+03:00] blog.ERROR: Syntax error {"exception":"[object] (JsonException(code: 4): Syntax error at /home/starscy/Документы/PHP/Geekbrains/php-pro/project/src/Http/Request.php:57)"} []
[2023-02-20T11:07:47.386869+03:00] blog.ERROR: Syntax error {"exception":"[object] (JsonException(code: 4): Syntax error at /home/starscy/Документы/PHP/Geekbrains/php-pro/project/src/Http/Request.php:57)"} []
[2023-02-20T11:09:22.495834+03:00] blog.ERROR: Syntax error {"exception":"[object] (JsonException(code: 4): Syntax error at /home/starscy/Документы/PHP/Geekbrains/php-pro/project/src/Http/Request.php:57)"} []
[2023-02-20T11:09:37.459736+03:00] blog.ERROR: Syntax error {"exception":"[object] (JsonException(code: 4): Syntax error at /home/starscy/Документы/PHP/Geekbrains/php-pro/project/src/Http/Request.php:57)"} []
[2023-02-20T11:18:23.112092+03:00] blog.ERROR: Syntax error {"exception":"[object] (JsonException(code: 4): Syntax error at /home/starscy/Документы/PHP/Geekbrains/php-pro/project/src/Http/Request.php:57)"} []
[2023-02-20T11:51:27.627199+03:00] blog.ERROR: User's like already exist {"exception":"[object] (Starscy\\Project\\models\\Exceptions\\LikeAlreadyExist(code: 0): User's like already exist at /home/starscy/Документы/PHP/Geekbrains/php-pro/project/src/models/Repositories/Likes/SqliteLikesRepository.php:93)"} []
[2023-02-20T15:35:09.649985+03:00] blog.ERROR: Syntax error {"exception":"[object] (JsonException(code: 4): Syntax error at /home/starscy/Документы/PHP/Geekbrains/php-pro/project/src/Http/Request.php:57)"} []
[2023-02-20T15:35:32.320265+03:00] blog.ERROR: Syntax error {"exception":"[object] (JsonException(code: 4): Syntax error at /home/starscy/Документы/PHP/Geekbrains/php-pro/project/src/Http/Request.php:57)"} []
[2023-02-20T15:36:25.420935+03:00] blog.ERROR: Syntax error {"exception":"[object] (JsonException(code: 4): Syntax error at /home/starscy/Документы/PHP/Geekbrains/php-pro/project/src/Http/Request.php:57)"} []
[2023-02-20T15:36:52.656096+03:00] blog.ERROR: Syntax error {"exception":"[object] (JsonException(code: 4): Syntax error at /home/starscy/Документы/PHP/Geekbrains/php-pro/project/src/Http/Request.php:57)"} []
[2023-02-20T15:38:32.743567+03:00] blog.ERROR: Syntax error {"exception":"[object] (JsonException(code: 4): Syntax error at /home/starscy/Документы/PHP/Geekbrains/php-pro/project/src/Http/Request.php:57)"} []
[2023-02-20T15:40:42.221504+03:00] blog.ERROR: Syntax error {"exception":"[object] (JsonException(code: 4): Syntax error at /home/starscy/Документы/PHP/Geekbrains/php-pro/project/src/Http/Request.php:57)"} []
[2023-02-20T15:42:30.336307+03:00] blog.ERROR: Syntax error {"exception":"[object] (JsonException(code: 4): Syntax error at /home/starscy/Документы/PHP/Geekbrains/php-pro/project/src/Http/Request.php:57)"} []
[2023-02-20T15:43:29.954982+03:00] blog.ERROR: Syntax error {"exception":"[object] (JsonException(code: 4): Syntax error at /home/starscy/Документы/PHP/Geekbrains/php-pro/project/src/Http/Request.php:57)"} []
[2023-02-20T15:50:47.696248+03:00] blog.ERROR: Syntax error {"exception":"[object] (JsonException(code: 4): Syntax error at /home/starscy/Документы/PHP/Geekbrains/php-pro/project/src/Http/Request.php:57)"} []
[2023-02-20T16:02:44.882238+03:00] blog.ERROR: Syntax error {"exception":"[object] (JsonException(code: 4): Syntax error at /home/starscy/Документы/PHP/Geekbrains/php-pro/project/src/Http/Request.php:57)"} []
[2023-02-20T21:17:18.837815+03:00] blog.ERROR: Syntax error {"exception":"[object] (JsonException(code: 4): Syntax error at /home/starscy/Документы/PHP/Geekbrains/php-pro/project/src/Http/Request.php:57)"} []
[2023-02-20T21:17:49.904453+03:00] blog.ERROR: Syntax error {"exception":"[object] (JsonException(code: 4): Syntax error at /home/starscy/Документы/PHP/Geekbrains/php-pro/project/src/Http/Request.php:57)"} []
[2023-02-20T21:17:51.160893+03:00] blog.ERROR: Syntax error {"exception":"[object] (JsonException(code: 4): Syntax error at /home/starscy/Документы/PHP/Geekbrains/php-pro/project/src/Http/Request.php:57)"} []
[2023-02-20T21:17:51.699218+03:00] blog.ERROR: Syntax error {"exception":"[object] (JsonException(code: 4): Syntax error at /home/starscy/Документы/PHP/Geekbrains/php-pro/project/src/Http/Request.php:57)"} []
[2023-02-20T21:18:34.649244+03:00] blog.ERROR: Syntax error {"exception":"[object] (JsonException(code: 4): Syntax error at /home/starscy/Документы/PHP/Geekbrains/php-pro/project/src/Http/Request.php:57)"} []
