[2023-02-14T11:47:03.441832+03:00] blog.INFO: Create user command started [] []
[2023-02-14T11:47:03.450672+03:00] blog.INFO: User created: 82b71fa4-1793-4450-aefa-10b785fc79ee [] []
[2023-02-14T11:47:11.667555+03:00] blog.INFO: Create user command started [] []
[2023-02-14T16:37:50.922210+03:00] blog.INFO: Create user command started [] []
[2023-02-14T16:38:18.862072+03:00] blog.INFO: Create user command started [] []
[2023-02-14T16:38:26.306962+03:00] blog.INFO: Create user command started [] []
[2023-02-14T16:39:07.729384+03:00] blog.INFO: Create user command started [] []
[2023-02-14T16:40:16.281932+03:00] blog.INFO: Create user command started [] []
[2023-02-14T16:42:22.211442+03:00] blog.INFO: Create user command started [] []
[2023-02-14T16:45:54.226950+03:00] blog.INFO: Create user command started [] []
[2023-02-14T16:46:37.741592+03:00] blog.INFO: Create user command started [] []
[2023-02-14T16:46:54.148462+03:00] blog.INFO: Create user command started [] []
[2023-02-14T16:47:09.549271+03:00] blog.INFO: Create user command started [] []
[2023-02-14T16:48:24.258075+03:00] blog.INFO: Create user command started [] []
[2023-02-14T16:49:50.247037+03:00] blog.INFO: Create user command started [] []
[2023-02-14T16:53:29.802437+03:00] blog.INFO: Create user command started [] []
[2023-02-14T16:55:13.224922+03:00] blog.INFO: Create user command started [] []
[2023-02-14T16:55:13.228309+03:00] blog.ERROR: User already exists: user123 {"exception":"[object] (Starscy\\Project\\models\\Exceptions\\CommandException(code: 0): User already exists: user123 at /home/starscy/Документы/PHP/Geekbrains/php-pro/project/src/models/Commands/CreateUserCommand.php:33)"} []
[2023-02-14T17:12:33.839413+03:00] blog.INFO: Create user command started [] []
[2023-02-14T17:16:08.543379+03:00] blog.INFO: Create user command started [] []
[2023-02-14T17:20:21.322771+03:00] blog.INFO: Create user command started [] []
[2023-02-14T17:20:21.326433+03:00] blog.WARNING: User already exists: user123 [] []
[2023-02-14T17:41:28.539175+03:00] blog.INFO: Post created: 585bcb66-e5ac-4dd7-b46d-74468cf3efde [] []
[2023-02-14T18:46:52.923548+03:00] blog.INFO: Create user command started [] []
[2023-02-14T22:10:52.084491+03:00] blog.INFO: Create user command started [] []
[2023-02-14T22:17:24.943129+03:00] blog.INFO: Create user command started [] []
[2023-02-14T22:18:01.785988+03:00] blog.NOTICE: Route not found: GET / [] []
[2023-02-14T22:19:32.161462+03:00] blog.NOTICE: Route not found: GET / [] []
[2023-02-14T22:19:33.076262+03:00] blog.NOTICE: Route not found: GET / [] []
[2023-02-14T22:19:33.789018+03:00] blog.NOTICE: Route not found: GET / [] []
[2023-02-14T22:21:38.189190+03:00] blog.NOTICE: Route not found: GET / [] []
[2023-02-14T22:21:46.098707+03:00] blog.NOTICE: Route not found: GET / [] []
[2023-02-14T22:23:57.388563+03:00] blog.NOTICE: Route not found: GET / [] []
[2023-02-14T22:25:35.312892+03:00] blog.NOTICE: Route not found: GET / [] []
[2023-02-14T22:26:14.994800+03:00] blog.NOTICE: Route not found: GET / [] []
[2023-02-14T22:27:15.428439+03:00] blog.NOTICE: Route not found: GET / [] []
[2023-02-14T22:27:18.059838+03:00] blog.NOTICE: Route not found: GET / [] []
[2023-02-14T22:27:20.255417+03:00] blog.NOTICE: Route not found: GET / [] []
[2023-02-14T22:27:35.728526+03:00] blog.NOTICE: Route not fou22nd: GET / [] []
[2023-02-14T22:28:16.541122+03:00] blog.NOTICE: Route not found: GET / [] []
[2023-02-14T22:37:09.170726+03:00] blog.INFO: Post created: 50fa01f2-4dc6-4469-867f-146933d4c1a5 [] []
[2023-02-15T14:47:53.977142+03:00] blog.INFO: Create user command started [] []
[2023-02-15T14:48:22.599466+03:00] blog.INFO: Create user command started [] []
[2023-02-15T14:48:56.467527+03:00] blog.INFO: Create user command started [] []
[2023-02-15T14:51:22.888525+03:00] blog.INFO: Create user command started [] []
[2023-02-15T14:53:16.954131+03:00] blog.INFO: Create user command started [] []
[2023-02-15T14:54:12.371204+03:00] blog.INFO: Create user command started [] []
[2023-02-15T14:54:38.164696+03:00] blog.INFO: Create user command started [] []
[2023-02-15T14:54:47.622847+03:00] blog.INFO: Create user command started [] []
[2023-02-15T14:54:47.630916+03:00] blog.INFO: User created: 79caf4bb-74f5-4786-8e43-511f7988d413 [] []
[2023-02-15T15:40:43.296424+03:00] blog.INFO: Create user command started [] []
[2023-02-17T12:46:12.595836+03:00] blog.INFO: Post created: 943ac440-b50f-4eba-8824-57c70c191885 [] []
[2023-02-17T13:01:56.867011+03:00] blog.INFO: Create user command started [] []
[2023-02-17T13:02:16.459914+03:00] blog.INFO: Create user command started [] []
[2023-02-17T13:02:16.468856+03:00] blog.INFO: User created: 45f46546-9903-4ce2-8d59-28a95fcb7528 [] []
[2023-02-17T13:03:13.889855+03:00] blog.INFO: Post created: 3f801d9f-dd6c-46bb-9aed-edca30ce7ffe [] []
[2023-02-17T13:51:48.641355+03:00] blog.INFO: Create user command started [] []
[2023-02-17T13:58:10.048746+03:00] blog.INFO: Create user command started [] []
[2023-02-17T13:58:34.083700+03:00] blog.INFO: Create user command started [] []
[2023-02-17T13:59:35.292385+03:00] blog.INFO: Create user command started [] []
[2023-02-17T14:00:56.757289+03:00] blog.INFO: Create user command started [] []
[2023-02-17T14:01:21.758689+03:00] blog.INFO: Create user command started [] []
[2023-02-17T14:02:22.123286+03:00] blog.INFO: Create user command started [] []
[2023-02-17T14:02:22.131462+03:00] blog.INFO: User created: 65fc2c38-ff84-4d1c-bc2d-50b7c9e0748f [] []
[2023-02-17T14:10:41.061727+03:00] blog.INFO: Create user command started [] []
[2023-02-17T14:10:41.070216+03:00] blog.INFO: User created: 1983ca9f-fcf6-4c5a-9c68-250072749884 [] []
[2023-02-17T14:10:47.569756+03:00] blog.INFO: Create user command started [] []
[2023-02-17T14:10:47.578321+03:00] blog.INFO: User created: c5eae330-d7f4-4345-9c15-fbd3a4e21a57 [] []
[2023-02-18T11:47:57.207853+03:00] blog.INFO: Post created: 3f8d8e7c-0f70-45a1-9539-f0f17720f227 [] []
[2023-02-18T11:48:36.614556+03:00] blog.INFO: Post created: bf8420e2-d415-463d-aae9-d902379bf789 [] []
[2023-02-18T13:33:06.669840+03:00] blog.INFO: Post created: 285a5005-97f4-4456-b2a6-d7725aa249cb [] []
[2023-02-18T14:30:20.834545+03:00] blog.NOTICE: Route not found: GET /posts/comment [] []
[2023-02-18T18:47:26.694868+03:00] blog.INFO: Post created: c0768a0e-0116-434a-a811-b6f1bd30bcdc [] []
[2023-02-18T18:50:03.624022+03:00] blog.INFO: Post created: ad78f539-3319-4eb0-b2bd-23323fa6bd4d [] []
[2023-02-20T11:14:07.876124+03:00] blog.NOTICE: Route not found: GET /login [] []
[2023-02-20T11:17:58.303852+03:00] blog.INFO: Post created: d4700feb-dcfc-4cc6-819f-bb51153bee18 [] []
[2023-02-20T11:21:39.942985+03:00] blog.INFO: Post created: 91081dcd-9a17-4683-8229-f95832943721 [] []
[2023-02-20T11:36:02.709513+03:00] blog.INFO: Comment created:test  Commet [] []
[2023-02-20T11:39:46.222905+03:00] blog.INFO: Comment created:test  Commet2 [] []
[2023-02-20T11:40:04.068558+03:00] blog.INFO: Comment created:test  Commet3 [] []
[2023-02-20T16:09:27.212345+03:00] blog.INFO: Post created: ce188064-e999-4c99-889f-4b09dc3e24d1 [] []
[2023-02-20T16:13:06.109228+03:00] blog.INFO: Post created: f3192c70-477f-4fb7-9cf9-0247953138ae [] []
[2023-02-22T10:44:31.972040+03:00] blog.INFO: Comment created:Да что, батюшка, двугривенник всего, — сказала она, подсевши к нему. — Нет, больше двух рублей я не взял с собою какой-то свой особенный воздух, своего собственного запаха, отзывавшийся несколько. [] []
